
ROM used:   3169/8192 (39%)
            3341/8192 (41%) including unused fragments

            1.6 Average locations per line
            8.0 Average locations per statement

RAM used:   50/368 (14%) at main() level
            86/368 (23%) worst case

Stack used: 9 worst case (4 in main + 5 for interrupts)
Stack size: 8

Lines Stmts  %   Files
----- ----- ---  -----
  145    76  19  main.c
   22     0   0  main.h
  769     0   0  D:\Program Files (x86)\PICC\Devices\16F887.h
  112     0   0  global_variables.h
  307   116  29  lcd_i2c.c
  423   125  31  D:\Program Files (x86)\PICC\Drivers\string.h
   32     0   0  D:\Program Files (x86)\PICC\Drivers\stddef.h
   28     0   0  D:\Program Files (x86)\PICC\Drivers\ctype.h
   84    41  10  morseCodeReader.c
   71    40  10  morseCodeSpeaker.c
----- -----
 1993   398 Total

Page ROM  %  RAM    Vol Diff  Functions:
---- --- --- ---    --- ----  ----------
0     21   1    1             @delay_ms1
 Inline         3             @I2C_READ_1
0     74   2    1             @I2C_WRITE_1
0    202   6    0    500  2.4  initialize_lcd_i2c
0     85   3    5    479  4.3  send_lcd_i2c_command
 Inline         5    518  4.9  send_lcd_i2c_character
0      7   0    0     32  1.0  clear_lcd_i2c
 Inline         4    920  5.3  read_cursor_address
0    495  16    2    539  5.2  write_lcd_i2c
0     24   1    3    197  4.7  set_lcd_i2c_cursor_position
0    259   8    0             @const679
0     13   0    0     45  1.4  An389_Interrupt
 Inline         0    100  2.1  startTimer
 Inline         0     13  1.0  getTimerValue
 Inline         0    109  1.1  stopAndReadTimer
 Inline         5    243  7.0  strcmp
 Inline         3     68  2.4  appendMorseCode
 Inline         0     61  2.3  clearMorseCodeBuffer
0      9   0    0             @MEMSET
 Inline         0     61  2.3  clearMorseCodeString
 Inline         0     31  1.1  clearAll
 Inline         3    403  7.0  translateMorseCode
0     37   1    2             @MUL88
 Inline         1    456  5.5  recordMorseCode
 Inline         2             @PSTRINGR_646
 Inline         0    123  2.2  completeMorseCode
 Inline         1    923  9.0  playMorseCodeWithBuzzer
 Inline         2             @PSTRINGC_646
0      9   0    0             @const814
0     86   3    4             @PSTRINGC7_646
 Inline         1    923  9.0  playMorseCodeWithLED
0      9   0    0             @const823
0    427  13    3    336  5.7  UartReceive
 Inline         1    364  4.1  switchMode
0      7   0    0    346  4.1  @const828
0      6   0    0    346  4.1  @const829
 Inline         3   1009  5.8  handleButtonPress
1   1293  41    1    421  2.8  MAIN
0      8   0    0   1009  5.8  @const835
0      8   0    0    421  2.8  @const836
 Inline         0    421  2.8  @cinit1

Program metrics:
    Functions               30
    Statements              398
    Comments                368
    Volume (V)              20640
    Difficulty (D)          120.0
    Effort to implement (E) 2477780
    Time to implement (T)   38 hours, 14 minutes
    Est Delivered Bugs (B)  6
    Cyclomatic Complexity   40
    Maintainability (MI)    57

 Segment     Used  Free
-----------  ----  ----
00000-00003     4  0  
00004-00059    86  0  
0005A-007FF  1786  172  
00800-00FFF  1293  755  
01000-017FF     0  2048  
01800-01FFF     0  2048  



