
ROM used:   652/8192 (8%)
            652/8192 (8%) including unused fragments

            0.8 Average locations per line
            7.7 Average locations per statement

RAM used:   23/368 (6%) at main() level
            40/368 (11%) worst case

Stack used: 6 worst case (6 in main + 0 for interrupts)
Stack size: 8

Lines Stmts  %   Files
----- ----- ---  -----
  203    85 100  main.c
   13     0   0  main.h
  640     0   0  D:\Program Files (x86)\PICC\Devices\16F877.h
----- -----
  856    85 Total

Page ROM  %  RAM    Vol Diff  Functions:
---- --- --- ---    --- ----  ----------
0     20   3    1     63  2.3  @delay_ms1
0     74  11    1    574  5.9  @I2C_WRITE_1
0     84  13    3    574  5.9  i2c_send_nibble
0     67  10    3    149  2.8  lcd_send_byte
0     10   2    0     61  1.9  lcd_clear
0      8   1    0    650  8.0  @const637
0    109  17    2    785  5.6  lcd_init
0     55   8    7    650  8.0  lcd_gotoxy
0     37   6    1    310  5.9  lcd_putc
0     86  13    1    202  2.1  MAIN
0      6   1    0             @const660
0     86  13    4             @PSTRINGC7_647
0      6   1    0             @const662
 Inline         0             @cinit1

Program metrics:
    Functions               10
    Statements              85
    Comments                129
    Volume (V)              6214
    Difficulty (D)          48.6
    Effort to implement (E) 302165
    Time to implement (T)   4 hours, 40 minutes
    Est Delivered Bugs (B)  2
    Cyclomatic Complexity   26
    Maintainability (MI)    69

 Segment     Used  Free
-----------  ----  ----
00000-00003     4  0  
00004-007FF   648  1396  
00800-00FFF     0  2048  
01000-017FF     0  2048  
01800-01FFF     0  2048  



