*** Error 12 "main.c" Line 39(5,15): Undefined identifier   OPTION_REG
*** Error 12 "main.c" Line 40(5,9): Undefined identifier   TMR0
*** Error 12 "main.c" Line 41(5,11): Undefined identifier   INTCON
*** Error 12 "main.c" Line 46(5,9): Undefined identifier   TMR0
*** Error 12 "main.c" Line 51(26,30): Undefined identifier   TMR0
*** Error 43 "main.c" Line 52(5,11): Expecting a declaration
*** Error 48 "main.c" Line 52(12,17): Expecting a (
*** Error 43 "main.c" Line 53(1,2): Expecting a declaration
*** Error 117 "main.c" Line 56(1,2): Improper use of a function identifier
*** Error 43 "main.c" Line 57(8,9): Expecting a declaration
*** Error 48 "main.c" Line 57(9,23): Expecting a (
*** Error 43 "main.c" Line 57(26,48): Expecting a declaration
*** Error 43 "main.c" Line 57(47,48): Expecting a declaration
*** Error 43 "main.c" Line 58(5,6): Expecting a declaration
*** Error 48 "main.c" Line 59(9,24): Expecting a (
*** Error 48 "main.c" Line 59(25,39): Expecting a (
*** Error 43 "main.c" Line 59(41,42): Expecting a declaration
*** Error 43 "main.c" Line 59(43,44): Expecting a declaration
*** Error 48 "main.c" Line 59(45,51): Expecting a (
*** Error 48 "main.c" Line 60(9,24): Expecting a (
*** Error 48 "main.c" Line 60(25,39): Expecting a (
*** Error 43 "main.c" Line 60(41,42): Expecting a declaration
*** Error 43 "main.c" Line 60(43,47): Expecting a declaration
*** Error 43 "main.c" Line 60(47,48): Expecting a declaration
*** Error 43 "main.c" Line 61(5,6): Expecting a declaration
*** Error 43 "main.c" Line 62(1,2): Expecting a declaration
*** Error 117 "main.c" Line 67(37,38): Improper use of a function identifier
*** Error 43 "main.c" Line 69(8,9): Expecting a declaration
*** Error 48 "main.c" Line 69(9,21): Expecting a (
*** Error 43 "main.c" Line 69(25,26): Expecting a declaration
*** Error 43 "main.c" Line 69(27,29): Expecting a declaration
*** Error 48 "main.c" Line 69(30,41): Expecting a (
*** Error 43 "main.c" Line 69(45,46): Expecting a declaration
*** Error 43 "main.c" Line 69(46,47): Expecting a declaration
*** Error 43 "main.c" Line 70(5,6): Expecting a declaration
*** Error 43 "main.c" Line 72(5,6): Expecting a declaration
*** Error 43 "main.c" Line 73(5,9): Expecting a declaration
*** Error 43 "main.c" Line 73(10,12): Expecting a declaration
*** Error 43 "main.c" Line 73(13,14): Expecting a declaration
*** Error 48 "main.c" Line 73(14,26): Expecting a (
*** Error 43 "main.c" Line 73(30,31): Expecting a declaration
*** Error 43 "main.c" Line 73(32,34): Expecting a declaration
*** Error 48 "main.c" Line 73(35,46): Expecting a (
*** Error 43 "main.c" Line 73(50,51): Expecting a declaration
*** Error 43 "main.c" Line 73(51,52): Expecting a declaration
*** Error 43 "main.c" Line 74(5,6): Expecting a declaration
*** Error 43 "main.c" Line 76(9,11): Expecting a declaration
*** Error 43 "main.c" Line 76(12,13): Expecting a declaration
*** Error 48 "main.c" Line 76(13,21): Expecting a (
*** Error 43 "main.c" Line 76(24,37): Expecting a declaration
*** Error 43 "main.c" Line 76(36,37): Expecting a declaration
*** Error 43 "main.c" Line 77(9,10): Expecting a declaration
*** Error 28 "main.c" Line 78(29,32): Expecting an identifier
*** Error 43 "main.c" Line 78(33,34): Expecting a declaration
*** Error 43 "main.c" Line 79(9,10): Expecting a declaration
*** Error 43 "main.c" Line 80(9,13): Expecting a declaration
*** Error 43 "main.c" Line 81(9,10): Expecting a declaration
*** Error 28 "main.c" Line 82(29,32): Expecting an identifier
*** Error 43 "main.c" Line 82(33,34): Expecting a declaration
*** Error 43 "main.c" Line 83(9,10): Expecting a declaration
*** Error 43 "main.c" Line 84(5,6): Expecting a declaration
*** Error 48 "main.c" Line 86(5,16): Expecting a (
*** Error 48 "main.c" Line 86(19,31): Expecting a (
*** Error 43 "main.c" Line 87(1,2): Expecting a declaration
*** Error 117 "main.c" Line 91(42,43): Improper use of a function identifier  -- morseCodeToCharacter
*** Error 43 "main.c" Line 91(58,59): Expecting a declaration
*** Error 43 "main.c" Line 91(59,60): Expecting a declaration
*** Error 43 "main.c" Line 92(5,7): Expecting a declaration
*** Error 43 "main.c" Line 92(8,9): Expecting a declaration
*** Error 48 "main.c" Line 92(9,18): Expecting a (
*** Error 43 "main.c" Line 92(22,26): Expecting a declaration
*** Error 43 "main.c" Line 92(26,27): Expecting a declaration
*** Error 43 "main.c" Line 93(5,6): Expecting a declaration
*** Error 43 "main.c" Line 95(5,6): Expecting a declaration
*** Error 43 "main.c" Line 97(1,2): Expecting a declaration
*** Error 117 "main.c" Line 100(1,2): Improper use of a function identifier
*** Error 43 "main.c" Line 101(9,10): Expecting a declaration
*** Error 48 "main.c" Line 101(21,22): Expecting a (
*** Error 43 "main.c" Line 101(25,31): Expecting a declaration
*** Error 43 "main.c" Line 101(31,32): Expecting a declaration
*** Error 48 "main.c" Line 101(32,46): Expecting a (
*** Error 43 "main.c" Line 101(48,49): Expecting a declaration
*** Error 43 "main.c" Line 101(50,56): Expecting a declaration
*** Error 43 "main.c" Line 101(56,57): Expecting a declaration
*** Error 28 "main.c" Line 101(66,67): Expecting an identifier
*** Error 43 "main.c" Line 101(69,71): Expecting a declaration
*** Error 48 "main.c" Line 101(71,72): Expecting a (
*** Error 43 "main.c" Line 102(5,6): Expecting a declaration
*** Error 43 "main.c" Line 103(9,11): Expecting a declaration
*** Error 43 "main.c" Line 103(12,13): Expecting a declaration
*** Error 27 "main.c" Line 103(36,37): Expression must evaluate to a constant
*** Error 43 "main.c" Line 103(37,38): Expecting a declaration
*** Error 28 "main.c" Line 103(47,48): Expecting an identifier
*** Error 43 "main.c" Line 103(53,54): Expecting a declaration
*** Error 43 "main.c" Line 103(55,57): Expecting a declaration
*** Error 43 "main.c" Line 103(58,59): Expecting a declaration
*** Error 43 "main.c" Line 103(59,60): Expecting a declaration
*** Error 43 "main.c" Line 104(9,10): Expecting a declaration
*** Error 43 "main.c" Line 105(13,19): Expecting a declaration
*** Error 48 "main.c" Line 105(20,34): Expecting a (
      100 Errors,  0 Warnings.
Build Failed.
